kali@kali:~/CTFs/Writeups/eternals/HTB/Control_SPOILER$ nikto -h $TARGET_IP
- Nikto v2.1.6
---------------------------------------------------------------------------
+ Target IP:          10.10.10.167
+ Target Hostname:    10.10.10.167
+ Target Port:        80
+ Start Time:         2020-04-24 16:42:30 (GMT2)
---------------------------------------------------------------------------
+ Server: Microsoft-IIS/10.0
+ Retrieved x-powered-by header: PHP/7.3.7
+ The anti-clickjacking X-Frame-Options header is not present.
+ The X-XSS-Protection header is not defined. This header can hint to the user agent to protect against some forms of XSS
+ The X-Content-Type-Options header is not set. This could allow the user agent to render the content of the site in a different fashion to the MIME type
+ No CGI Directories found (use '-C all' to force check all possible dirs)
+ Allowed HTTP Methods: OPTIONS, TRACE, GET, HEAD, POST 
+ Public HTTP Methods: OPTIONS, TRACE, GET, HEAD, POST 
+ OSVDB-29786: /admin.php?en_log_id=0&action=config: EasyNews from http://www.webrc.ca version 4.3 allows remote admin access. This PHP file should be protected.
+ OSVDB-29786: /admin.php?en_log_id=0&action=users: EasyNews from http://www.webrc.ca version 4.3 allows remote admin access. This PHP file should be protected.
+ OSVDB-3092: /admin.php: This might be interesting...
+ OSVDB-3092: /LICENSE.txt: License file found may identify site software.
+ OSVDB-3092: /license.txt: License file found may identify site software.
+ OSVDB-3092: /LICENSE.TXT: License file found may identify site software.
+ 7863 requests: 0 error(s) and 12 item(s) reported on remote host
+ End Time:           2020-04-24 16:49:31 (GMT2) (421 seconds)
---------------------------------------------------------------------------
+ 1 host(s) tested
